[11:09:40] [ServerMain/INFO]: Environment: authHost='https://authserver.mojang.com', accountsHost='https://api.mojang.com', sessionHost='https://sessionserver.mojang.com', servicesHost='https://api.minecraftservices.com', name='PROD'
[11:09:40] [ServerMain/INFO]: Found new data pack file/bukkit, loading it automatically
[11:09:45] [ServerMain/INFO]: Loaded 7 recipes
[11:09:48] [Server thread/INFO]: Starting minecraft server version 1.20.1
[11:09:48] [Server thread/WARN]: ****************************
[11:09:48] [Server thread/WARN]: YOU ARE RUNNING THIS SERVER AS AN ADMINISTRATIVE OR ROOT USER. THIS IS NOT ADVISED.
[11:09:48] [Server thread/WARN]: YOU ARE OPENING YOURSELF UP TO POTENTIAL RISKS WHEN DOING THIS.
[11:09:48] [Server thread/WARN]: FOR MORE INFORMATION, SEE https://madelinemiller.dev/blog/root-minecraft-server/
[11:09:48] [Server thread/WARN]: ****************************
[11:09:48] [Server thread/INFO]: Loading properties
[11:09:48] [Server thread/INFO]: This server is running Paper version git-Paper-57 (MC: 1.20.1) (Implementing API version 1.20.1-R0.1-SNAPSHOT) (Git: 437e8da)
[11:09:48] [Server thread/INFO]: Using 4 threads for Netty based IO
[11:09:48] [Server thread/INFO]: Server Ping Player Sample Count: 12
[11:09:48] [Server thread/INFO]: [ChunkTaskScheduler] Chunk system is using 1 I/O threads, 1 worker threads, and gen parallelism of 1 threads
[11:09:49] [Server thread/WARN]: [!] The timings profiler has been enabled but has been scheduled for removal from Paper in the future.
    We recommend installing the spark profiler as a replacement: https://spark.lucko.me/
    For more information please visit: https://github.com/PaperMC/Paper/issues/8948
[11:09:49] [Server thread/INFO]: Default game type: SURVIVAL
[11:09:49] [Server thread/INFO]: Generating keypair
[11:09:50] [Server thread/INFO]: Starting Minecraft server on *:25565
[11:09:50] [Server thread/INFO]: Using epoll channel type
[11:09:50] [Server thread/INFO]: Paper: Using libdeflate (Linux x86_64) compression from Velocity.
[11:09:50] [Server thread/INFO]: Paper: Using OpenSSL 1.1.x (Linux x86_64) cipher from Velocity.
[11:09:50] [Server thread/INFO]: Preparing level "world"
[11:10:20] [Server thread/INFO]: Preparing start region for dimension minecraft:overworld
[11:10:21] [Server thread/INFO]: Time elapsed: 366 ms
[11:10:21] [Server thread/INFO]: Preparing start region for dimension minecraft:the_nether
[11:10:21] [Server thread/INFO]: Time elapsed: 605 ms
[11:10:21] [Server thread/INFO]: Preparing start region for dimension minecraft:the_end
[11:10:22] [Server thread/INFO]: Time elapsed: 425 ms
[11:10:22] [Server thread/INFO]: Running delayed init tasks
[11:10:22] [Server thread/INFO]: Done (34.190s)! For help, type "help"
[11:10:22] [Server thread/INFO]: Timings Reset
